* ******************************************************************************

* iCEcube Placer

* Version:            2020.12.27943

* Build Date:         Dec  9 2020 17:55:50

* File Generated:     Nov 29 2024 16:49:15

* Purpose:            

* Copyright (C) 2006-2010 by Lattice Semiconductor Corp. All rights reserved.

* ******************************************************************************

Executing : C:\lscc\iCEcube2.2020.12\sbt_backend\bin\win32\opt\sbtplacer.exe --des-lib C:/Users/Michal/Documents/Magisterka/Magisterka dokumenty wyjsciowe/FPGA/PROGRAM/CONTROL_FPGA_QSW_DC_DC_10KW_FPGA_VHDL/ICE40UP5K_PROGRAM_Implmnt\pr_1\sbt\netlist\oadb-MAIN --outdir C:/Users/Michal/Documents/Magisterka/Magisterka dokumenty wyjsciowe/FPGA/PROGRAM/CONTROL_FPGA_QSW_DC_DC_10KW_FPGA_VHDL/ICE40UP5K_PROGRAM_Implmnt\pr_1\sbt\outputs\placer --device-file C:\lscc\iCEcube2.2020.12\sbt_backend\devices\ICE40T05.dev --package SG48 --deviceMarketName iCE40UP5K --sdc-file C:/Users/Michal/Documents/Magisterka/Magisterka dokumenty wyjsciowe/FPGA/PROGRAM/CONTROL_FPGA_QSW_DC_DC_10KW_FPGA_VHDL/ICE40UP5K_PROGRAM_Implmnt\pr_1\sbt\Temp/sbt_temp.sdc --lib-file C:\lscc\iCEcube2.2020.12\sbt_backend\devices\ice40UP5K.lib --effort_level std --out-sdc-file C:/Users/Michal/Documents/Magisterka/Magisterka dokumenty wyjsciowe/FPGA/PROGRAM/CONTROL_FPGA_QSW_DC_DC_10KW_FPGA_VHDL/ICE40UP5K_PROGRAM_Implmnt\pr_1\sbt\outputs\placer\MAIN_pl.sdc
I2004: Option and Settings Summary
=============================================================
Device file          - C:\lscc\iCEcube2.2020.12\sbt_backend\devices\ICE40T05.dev
Package              - SG48
Design database      - C:/Users/Michal/Documents/Magisterka/Magisterka dokumenty wyjsciowe/FPGA/PROGRAM/CONTROL_FPGA_QSW_DC_DC_10KW_FPGA_VHDL/ICE40UP5K_PROGRAM_Implmnt\pr_1\sbt\netlist\oadb-MAIN
SDC file             - C:/Users/Michal/Documents/Magisterka/Magisterka dokumenty wyjsciowe/FPGA/PROGRAM/CONTROL_FPGA_QSW_DC_DC_10KW_FPGA_VHDL/ICE40UP5K_PROGRAM_Implmnt\pr_1\sbt\Temp/sbt_temp.sdc
Output directory     - C:/Users/Michal/Documents/Magisterka/Magisterka dokumenty wyjsciowe/FPGA/PROGRAM/CONTROL_FPGA_QSW_DC_DC_10KW_FPGA_VHDL/ICE40UP5K_PROGRAM_Implmnt\pr_1\sbt\outputs\placer
Timing library       - C:\lscc\iCEcube2.2020.12\sbt_backend\devices\ice40UP5K.lib
Effort level         - std

I2050: Starting reading inputs for placer
=============================================================
I2100: Reading design library: C:/Users/Michal/Documents/Magisterka/Magisterka dokumenty wyjsciowe/FPGA/PROGRAM/CONTROL_FPGA_QSW_DC_DC_10KW_FPGA_VHDL/ICE40UP5K_PROGRAM_Implmnt\pr_1\sbt\netlist\oadb-MAIN/BFPGA_DESIGN_ep
I2065: Reading device file : C:\lscc\iCEcube2.2020.12\sbt_backend\devices\ICE40T05.dev
I2051: Reading of inputs for placer completed successfully

I2053: Starting placement of the design
=============================================================

Input Design Statistics
    Number of LUTs      	:	1153
    Number of DFFs      	:	622
    Number of DFFs packed to IO	:	0
    Number of Carrys    	:	724
    Number of RAMs      	:	0
    Number of ROMs      	:	0
    Number of IOs       	:	13
    Number of GBIOs     	:	3
    Number of GBs       	:	3
    Number of WarmBoot  	:	0
    Number of PLLs      	:	1
    Number of I2Cs      	:	0
    Number of SPIs      	:	0
    Number of DSPs     	:	4
    Number of SBIOODs     	:	0
    Number of LEDDAIPs     	:	0
    Number of RGBADRVs     	:	1
    Number of LFOSCs     	:	0
    Number of HFOSCs     	:	1
    Number of FILTER_50NSs     	:	0
    Number of SPRAMs     	:	0


Phase 1
I2077: Start design legalization
W2216: SB_GB_IO 'delay_hc_input_ibuf_gb_io' is assigned to a non-GB pin '11'. Replacing it with SB_IO 'delay_hc_input_ibuf_gb_io' and SB_GB 'delay_hc_input_ibuf_gb_io_gb'
W2216: SB_GB_IO 'delay_tr_input_ibuf_gb_io' is assigned to a non-GB pin '9'. Replacing it with SB_IO 'delay_tr_input_ibuf_gb_io' and SB_GB 'delay_tr_input_ibuf_gb_io_gb'

Design Legalization Statistics
    Number of feedthru LUTs inserted to legalize input of DFFs     	:	56
    Number of feedthru LUTs inserted for LUTs driving multiple DFFs	:	0
    Number of LUTs replicated for LUTs driving multiple DFFs       	:	128
    Number of feedthru LUTs inserted to legalize output of CARRYs  	:	17
    Number of feedthru LUTs inserted to legalize global signals    	:	3
    Number of feedthru CARRYs inserted to legalize input of CARRYs 	:	0
    Number of inserted LUTs to Legalize IOs with PIN_TYPE= 01xxxx  	:	0
    Number of inserted LUTs to Legalize IOs with PIN_TYPE= 10xxxx  	:	0
    Number of inserted LUTs to Legalize IOs with PIN_TYPE= 11xxxx  	:	0
    Total LUTs inserted                                            	:	204
    Total CARRYs inserted                                          	:	0


I2078: Design legalization is completed successfully
I2088: Phase 1, elapsed time : 0.0 (sec)


Phase 2
I2088: Phase 2, elapsed time : 0.0 (sec)

Phase 3
Info-1409: Inferred clock at osc/CLKHF
Info-1404: Inferred PLL generated clock at pll_inst.ICE40_MAIN_PROGRAM_100MHZ_pll_inst/PLLOUTCORE
Info-1404: Inferred PLL generated clock at pll_inst.ICE40_MAIN_PROGRAM_100MHZ_pll_inst/PLLOUTGLOBAL
Warning-1034: Found non-unate timing arc, from pin "in3" to pin "lcout" of instance "GB_BUFFER_clock_output_0_THRU_LUT4_0_LC_1354", in the clock network. Converting the timing arc to positive-unate
Warning-1034: Found non-unate timing arc, from pin "in3" to pin "lcout" of instance "GB_BUFFER_clk_12mhz_THRU_LUT4_0_LC_1355", in the clock network. Converting the timing arc to positive-unate
Warning-1034: Found non-unate timing arc, from pin "PACKAGEPIN" to pin "DIN0" of instance "delay_hc_input_ibuf_gb_io", in the clock network. Converting the timing arc to positive-unate
Warning-1034: Found non-unate timing arc, from pin "PACKAGEPIN" to pin "DIN0" of instance "delay_tr_input_ibuf_gb_io", in the clock network. Converting the timing arc to positive-unate
Warning-1035: Removing timing arc from pin "delay_measurement_inst.delay_hc_timer.elapsed_time_ns_1_RNI02CN9[13]_LC_569/in1" to pin "delay_measurement_inst.delay_hc_timer.elapsed_time_ns_1_RNI02CN9[13]_LC_569/lcout" to break the combinatorial loop
Warning-1035: Removing timing arc from pin "delay_measurement_inst.delay_hc_timer.elapsed_time_ns_1_RNI03DN9[22]_LC_570/in1" to pin "delay_measurement_inst.delay_hc_timer.elapsed_time_ns_1_RNI03DN9[22]_LC_570/lcout" to break the combinatorial loop
Warning-1035: Removing timing arc from pin "delay_measurement_inst.delay_hc_timer.elapsed_time_ns_1_RNI04EN9[31]_LC_571/in1" to pin "delay_measurement_inst.delay_hc_timer.elapsed_time_ns_1_RNI04EN9[31]_LC_571/lcout" to break the combinatorial loop
Warning-1035: Removing timing arc from pin "delay_measurement_inst.delay_hc_timer.elapsed_time_ns_1_RNI13CN9[14]_LC_572/in1" to pin "delay_measurement_inst.delay_hc_timer.elapsed_time_ns_1_RNI13CN9[14]_LC_572/lcout" to break the combinatorial loop
Warning-1035: Removing timing arc from pin "delay_measurement_inst.delay_hc_timer.elapsed_time_ns_1_RNI14DN9[23]_LC_573/in1" to pin "delay_measurement_inst.delay_hc_timer.elapsed_time_ns_1_RNI14DN9[23]_LC_573/lcout" to break the combinatorial loop
Warning-1035: Removing timing arc from pin "delay_measurement_inst.delay_hc_timer.elapsed_time_ns_1_RNI24CN9[15]_LC_574/in1" to pin "delay_measurement_inst.delay_hc_timer.elapsed_time_ns_1_RNI24CN9[15]_LC_574/lcout" to break the combinatorial loop
Warning-1035: Removing timing arc from pin "delay_measurement_inst.delay_hc_timer.elapsed_time_ns_1_RNI25DN9[24]_LC_575/in1" to pin "delay_measurement_inst.delay_hc_timer.elapsed_time_ns_1_RNI25DN9[24]_LC_575/lcout" to break the combinatorial loop
Warning-1035: Removing timing arc from pin "delay_measurement_inst.delay_hc_timer.elapsed_time_ns_1_RNI35CN9[16]_LC_579/in1" to pin "delay_measurement_inst.delay_hc_timer.elapsed_time_ns_1_RNI35CN9[16]_LC_579/lcout" to break the combinatorial loop
Warning-1035: Removing timing arc from pin "delay_measurement_inst.delay_hc_timer.elapsed_time_ns_1_RNI36DN9[25]_LC_580/in1" to pin "delay_measurement_inst.delay_hc_timer.elapsed_time_ns_1_RNI36DN9[25]_LC_580/lcout" to break the combinatorial loop
Warning-1035: Removing timing arc from pin "delay_measurement_inst.delay_hc_timer.elapsed_time_ns_1_RNI46CN9[17]_LC_581/in1" to pin "delay_measurement_inst.delay_hc_timer.elapsed_time_ns_1_RNI46CN9[17]_LC_581/lcout" to break the combinatorial loop
Warning-1035: Removing timing arc from pin "delay_measurement_inst.delay_hc_timer.elapsed_time_ns_1_RNI47DN9[26]_LC_582/in1" to pin "delay_measurement_inst.delay_hc_timer.elapsed_time_ns_1_RNI47DN9[26]_LC_582/lcout" to break the combinatorial loop
Warning-1035: Removing timing arc from pin "delay_measurement_inst.delay_hc_timer.elapsed_time_ns_1_RNI57CN9[18]_LC_585/in1" to pin "delay_measurement_inst.delay_hc_timer.elapsed_time_ns_1_RNI57CN9[18]_LC_585/lcout" to break the combinatorial loop
Warning-1035: Removing timing arc from pin "delay_measurement_inst.delay_hc_timer.elapsed_time_ns_1_RNI58DN9[27]_LC_586/in1" to pin "delay_measurement_inst.delay_hc_timer.elapsed_time_ns_1_RNI58DN9[27]_LC_586/lcout" to break the combinatorial loop
Warning-1035: Removing timing arc from pin "delay_measurement_inst.delay_hc_timer.elapsed_time_ns_1_RNI68CN9[19]_LC_587/in1" to pin "delay_measurement_inst.delay_hc_timer.elapsed_time_ns_1_RNI68CN9[19]_LC_587/lcout" to break the combinatorial loop
Warning-1035: Removing timing arc from pin "delay_measurement_inst.delay_hc_timer.elapsed_time_ns_1_RNI69DN9[28]_LC_588/in1" to pin "delay_measurement_inst.delay_hc_timer.elapsed_time_ns_1_RNI69DN9[28]_LC_588/lcout" to break the combinatorial loop
Warning-1035: Removing timing arc from pin "delay_measurement_inst.delay_hc_timer.elapsed_time_ns_1_RNI7ADN9[29]_LC_589/in1" to pin "delay_measurement_inst.delay_hc_timer.elapsed_time_ns_1_RNI7ADN9[29]_LC_589/lcout" to break the combinatorial loop
Warning-1035: Removing timing arc from pin "delay_measurement_inst.delay_hc_timer.elapsed_time_ns_1_RNIDV2T9[1]_LC_592/in1" to pin "delay_measurement_inst.delay_hc_timer.elapsed_time_ns_1_RNIDV2T9[1]_LC_592/lcout" to break the combinatorial loop
Warning-1035: Removing timing arc from pin "delay_measurement_inst.delay_hc_timer.elapsed_time_ns_1_RNIE03T9[2]_LC_593/in1" to pin "delay_measurement_inst.delay_hc_timer.elapsed_time_ns_1_RNIE03T9[2]_LC_593/lcout" to break the combinatorial loop
Warning-1035: Removing timing arc from pin "delay_measurement_inst.delay_hc_timer.elapsed_time_ns_1_RNIF13T9[3]_LC_594/in1" to pin "delay_measurement_inst.delay_hc_timer.elapsed_time_ns_1_RNIF13T9[3]_LC_594/lcout" to break the combinatorial loop
Warning-1035: Removing timing arc from pin "delay_measurement_inst.delay_hc_timer.elapsed_time_ns_1_RNIG23T9[4]_LC_595/in1" to pin "delay_measurement_inst.delay_hc_timer.elapsed_time_ns_1_RNIG23T9[4]_LC_595/lcout" to break the combinatorial loop
Warning-1035: Removing timing arc from pin "delay_measurement_inst.delay_hc_timer.elapsed_time_ns_1_RNIH33T9[5]_LC_596/in1" to pin "delay_measurement_inst.delay_hc_timer.elapsed_time_ns_1_RNIH33T9[5]_LC_596/lcout" to break the combinatorial loop
Warning-1035: Removing timing arc from pin "delay_measurement_inst.delay_hc_timer.elapsed_time_ns_1_RNII43T9[6]_LC_597/in1" to pin "delay_measurement_inst.delay_hc_timer.elapsed_time_ns_1_RNII43T9[6]_LC_597/lcout" to break the combinatorial loop
Warning-1035: Removing timing arc from pin "delay_measurement_inst.delay_hc_timer.elapsed_time_ns_1_RNIJ53T9[7]_LC_599/in1" to pin "delay_measurement_inst.delay_hc_timer.elapsed_time_ns_1_RNIJ53T9[7]_LC_599/lcout" to break the combinatorial loop
Warning-1035: Removing timing arc from pin "delay_measurement_inst.delay_hc_timer.elapsed_time_ns_1_RNIK63T9[8]_LC_600/in1" to pin "delay_measurement_inst.delay_hc_timer.elapsed_time_ns_1_RNIK63T9[8]_LC_600/lcout" to break the combinatorial loop
Warning-1035: Removing timing arc from pin "delay_measurement_inst.delay_hc_timer.elapsed_time_ns_1_RNIL73T9[9]_LC_601/in1" to pin "delay_measurement_inst.delay_hc_timer.elapsed_time_ns_1_RNIL73T9[9]_LC_601/lcout" to break the combinatorial loop
Warning-1035: Removing timing arc from pin "delay_measurement_inst.delay_hc_timer.elapsed_time_ns_1_RNITUBN9[10]_LC_604/in1" to pin "delay_measurement_inst.delay_hc_timer.elapsed_time_ns_1_RNITUBN9[10]_LC_604/lcout" to break the combinatorial loop
Warning-1035: Removing timing arc from pin "delay_measurement_inst.delay_hc_timer.elapsed_time_ns_1_RNIU0DN9[20]_LC_605/in1" to pin "delay_measurement_inst.delay_hc_timer.elapsed_time_ns_1_RNIU0DN9[20]_LC_605/lcout" to break the combinatorial loop
Warning-1035: Removing timing arc from pin "delay_measurement_inst.delay_hc_timer.elapsed_time_ns_1_RNIUVBN9[11]_LC_607/in1" to pin "delay_measurement_inst.delay_hc_timer.elapsed_time_ns_1_RNIUVBN9[11]_LC_607/lcout" to break the combinatorial loop
Warning-1035: Removing timing arc from pin "delay_measurement_inst.delay_hc_timer.elapsed_time_ns_1_RNIV0CN9[12]_LC_608/in1" to pin "delay_measurement_inst.delay_hc_timer.elapsed_time_ns_1_RNIV0CN9[12]_LC_608/lcout" to break the combinatorial loop
Warning-1035: Removing timing arc from pin "delay_measurement_inst.delay_hc_timer.elapsed_time_ns_1_RNIV1DN9[21]_LC_609/in1" to pin "delay_measurement_inst.delay_hc_timer.elapsed_time_ns_1_RNIV1DN9[21]_LC_609/lcout" to break the combinatorial loop
Warning-1035: Removing timing arc from pin "delay_measurement_inst.delay_hc_timer.elapsed_time_ns_1_RNIV2EN9[30]_LC_610/in1" to pin "delay_measurement_inst.delay_hc_timer.elapsed_time_ns_1_RNIV2EN9[30]_LC_610/lcout" to break the combinatorial loop
Warning-1035: Removing timing arc from pin "delay_measurement_inst.delay_tr_timer.elapsed_time_ns_1_RNI0AOBB[13]_LC_672/in1" to pin "delay_measurement_inst.delay_tr_timer.elapsed_time_ns_1_RNI0AOBB[13]_LC_672/lcout" to break the combinatorial loop
Warning-1035: Removing timing arc from pin "delay_measurement_inst.delay_tr_timer.elapsed_time_ns_1_RNI0BPBB[22]_LC_673/in1" to pin "delay_measurement_inst.delay_tr_timer.elapsed_time_ns_1_RNI0BPBB[22]_LC_673/lcout" to break the combinatorial loop
Warning-1035: Removing timing arc from pin "delay_measurement_inst.delay_tr_timer.elapsed_time_ns_1_RNI0CQBB[31]_LC_674/in1" to pin "delay_measurement_inst.delay_tr_timer.elapsed_time_ns_1_RNI0CQBB[31]_LC_674/lcout" to break the combinatorial loop
Warning-1035: Removing timing arc from pin "delay_measurement_inst.delay_tr_timer.elapsed_time_ns_1_RNI1BOBB[14]_LC_675/in1" to pin "delay_measurement_inst.delay_tr_timer.elapsed_time_ns_1_RNI1BOBB[14]_LC_675/lcout" to break the combinatorial loop
Warning-1035: Removing timing arc from pin "delay_measurement_inst.delay_tr_timer.elapsed_time_ns_1_RNI1CPBB[23]_LC_676/in1" to pin "delay_measurement_inst.delay_tr_timer.elapsed_time_ns_1_RNI1CPBB[23]_LC_676/lcout" to break the combinatorial loop
Warning-1035: Removing timing arc from pin "delay_measurement_inst.delay_tr_timer.elapsed_time_ns_1_RNI2COBB[15]_LC_678/in1" to pin "delay_measurement_inst.delay_tr_timer.elapsed_time_ns_1_RNI2COBB[15]_LC_678/lcout" to break the combinatorial loop
Warning-1035: Removing timing arc from pin "delay_measurement_inst.delay_tr_timer.elapsed_time_ns_1_RNI2DPBB[24]_LC_679/in1" to pin "delay_measurement_inst.delay_tr_timer.elapsed_time_ns_1_RNI2DPBB[24]_LC_679/lcout" to break the combinatorial loop
Warning-1035: Removing timing arc from pin "delay_measurement_inst.delay_tr_timer.elapsed_time_ns_1_RNI3DOBB[16]_LC_680/in1" to pin "delay_measurement_inst.delay_tr_timer.elapsed_time_ns_1_RNI3DOBB[16]_LC_680/lcout" to break the combinatorial loop
Warning-1035: Removing timing arc from pin "delay_measurement_inst.delay_tr_timer.elapsed_time_ns_1_RNI3EPBB[25]_LC_681/in1" to pin "delay_measurement_inst.delay_tr_timer.elapsed_time_ns_1_RNI3EPBB[25]_LC_681/lcout" to break the combinatorial loop
Warning-1035: Removing timing arc from pin "delay_measurement_inst.delay_tr_timer.elapsed_time_ns_1_RNI4EOBB[17]_LC_682/in1" to pin "delay_measurement_inst.delay_tr_timer.elapsed_time_ns_1_RNI4EOBB[17]_LC_682/lcout" to break the combinatorial loop
Warning-1035: Removing timing arc from pin "delay_measurement_inst.delay_tr_timer.elapsed_time_ns_1_RNI4FPBB[26]_LC_683/in1" to pin "delay_measurement_inst.delay_tr_timer.elapsed_time_ns_1_RNI4FPBB[26]_LC_683/lcout" to break the combinatorial loop
Warning-1035: Removing timing arc from pin "delay_measurement_inst.delay_tr_timer.elapsed_time_ns_1_RNI5FOBB[18]_LC_684/in1" to pin "delay_measurement_inst.delay_tr_timer.elapsed_time_ns_1_RNI5FOBB[18]_LC_684/lcout" to break the combinatorial loop
Warning-1035: Removing timing arc from pin "delay_measurement_inst.delay_tr_timer.elapsed_time_ns_1_RNI5GPBB[27]_LC_685/in1" to pin "delay_measurement_inst.delay_tr_timer.elapsed_time_ns_1_RNI5GPBB[27]_LC_685/lcout" to break the combinatorial loop
Warning-1035: Removing timing arc from pin "delay_measurement_inst.delay_tr_timer.elapsed_time_ns_1_RNI6GOBB[19]_LC_686/in1" to pin "delay_measurement_inst.delay_tr_timer.elapsed_time_ns_1_RNI6GOBB[19]_LC_686/lcout" to break the combinatorial loop
Warning-1035: Removing timing arc from pin "delay_measurement_inst.delay_tr_timer.elapsed_time_ns_1_RNI6HPBB[28]_LC_687/in1" to pin "delay_measurement_inst.delay_tr_timer.elapsed_time_ns_1_RNI6HPBB[28]_LC_687/lcout" to break the combinatorial loop
Warning-1035: Removing timing arc from pin "delay_measurement_inst.delay_tr_timer.elapsed_time_ns_1_RNI7IPBB[29]_LC_689/in1" to pin "delay_measurement_inst.delay_tr_timer.elapsed_time_ns_1_RNI7IPBB[29]_LC_689/lcout" to break the combinatorial loop
Warning-1035: Removing timing arc from pin "delay_measurement_inst.delay_tr_timer.elapsed_time_ns_1_RNIDC91B[1]_LC_692/in1" to pin "delay_measurement_inst.delay_tr_timer.elapsed_time_ns_1_RNIDC91B[1]_LC_692/lcout" to break the combinatorial loop
Warning-1035: Removing timing arc from pin "delay_measurement_inst.delay_tr_timer.elapsed_time_ns_1_RNIED91B[2]_LC_693/in1" to pin "delay_measurement_inst.delay_tr_timer.elapsed_time_ns_1_RNIED91B[2]_LC_693/lcout" to break the combinatorial loop
Warning-1035: Removing timing arc from pin "delay_measurement_inst.delay_tr_timer.elapsed_time_ns_1_RNIFE91B[3]_LC_694/in1" to pin "delay_measurement_inst.delay_tr_timer.elapsed_time_ns_1_RNIFE91B[3]_LC_694/lcout" to break the combinatorial loop
Warning-1035: Removing timing arc from pin "delay_measurement_inst.delay_tr_timer.elapsed_time_ns_1_RNIGF91B[4]_LC_695/in1" to pin "delay_measurement_inst.delay_tr_timer.elapsed_time_ns_1_RNIGF91B[4]_LC_695/lcout" to break the combinatorial loop
Warning-1035: Removing timing arc from pin "delay_measurement_inst.delay_tr_timer.elapsed_time_ns_1_RNIHG91B[5]_LC_698/in1" to pin "delay_measurement_inst.delay_tr_timer.elapsed_time_ns_1_RNIHG91B[5]_LC_698/lcout" to break the combinatorial loop
Warning-1035: Removing timing arc from pin "delay_measurement_inst.delay_tr_timer.elapsed_time_ns_1_RNIIH91B[6]_LC_700/in1" to pin "delay_measurement_inst.delay_tr_timer.elapsed_time_ns_1_RNIIH91B[6]_LC_700/lcout" to break the combinatorial loop
Warning-1035: Removing timing arc from pin "delay_measurement_inst.delay_tr_timer.elapsed_time_ns_1_RNIJI91B[7]_LC_701/in1" to pin "delay_measurement_inst.delay_tr_timer.elapsed_time_ns_1_RNIJI91B[7]_LC_701/lcout" to break the combinatorial loop
Warning-1035: Removing timing arc from pin "delay_measurement_inst.delay_tr_timer.elapsed_time_ns_1_RNIKJ91B[8]_LC_703/in1" to pin "delay_measurement_inst.delay_tr_timer.elapsed_time_ns_1_RNIKJ91B[8]_LC_703/lcout" to break the combinatorial loop
Warning-1035: Removing timing arc from pin "delay_measurement_inst.delay_tr_timer.elapsed_time_ns_1_RNILK91B[9]_LC_704/in1" to pin "delay_measurement_inst.delay_tr_timer.elapsed_time_ns_1_RNILK91B[9]_LC_704/lcout" to break the combinatorial loop
Warning-1035: Removing timing arc from pin "delay_measurement_inst.delay_tr_timer.elapsed_time_ns_1_RNIT6OBB[10]_LC_707/in1" to pin "delay_measurement_inst.delay_tr_timer.elapsed_time_ns_1_RNIT6OBB[10]_LC_707/lcout" to break the combinatorial loop
Warning-1035: Removing timing arc from pin "delay_measurement_inst.delay_tr_timer.elapsed_time_ns_1_RNIU7OBB[11]_LC_709/in1" to pin "delay_measurement_inst.delay_tr_timer.elapsed_time_ns_1_RNIU7OBB[11]_LC_709/lcout" to break the combinatorial loop
Warning-1035: Removing timing arc from pin "delay_measurement_inst.delay_tr_timer.elapsed_time_ns_1_RNIU8PBB[20]_LC_710/in1" to pin "delay_measurement_inst.delay_tr_timer.elapsed_time_ns_1_RNIU8PBB[20]_LC_710/lcout" to break the combinatorial loop
Warning-1035: Removing timing arc from pin "delay_measurement_inst.delay_tr_timer.elapsed_time_ns_1_RNIV8OBB[12]_LC_711/in1" to pin "delay_measurement_inst.delay_tr_timer.elapsed_time_ns_1_RNIV8OBB[12]_LC_711/lcout" to break the combinatorial loop
Warning-1035: Removing timing arc from pin "delay_measurement_inst.delay_tr_timer.elapsed_time_ns_1_RNIV9PBB[21]_LC_712/in1" to pin "delay_measurement_inst.delay_tr_timer.elapsed_time_ns_1_RNIV9PBB[21]_LC_712/lcout" to break the combinatorial loop
Warning-1035: Removing timing arc from pin "delay_measurement_inst.delay_tr_timer.elapsed_time_ns_1_RNIVAQBB[30]_LC_713/in1" to pin "delay_measurement_inst.delay_tr_timer.elapsed_time_ns_1_RNIVAQBB[30]_LC_713/lcout" to break the combinatorial loop

Design Statistics after Packing
    Number of LUTs      	:	1358
    Number of DFFs      	:	622
    Number of DFFs packed to IO	:	0
    Number of Carrys    	:	724

Device Utilization Summary after Packing
    Sequential LogicCells
        LUT and DFF      	:	267
        LUT, DFF and CARRY	:	355
    Combinational LogicCells
        Only LUT         	:	452
        CARRY Only       	:	85
        LUT with CARRY   	:	284
    LogicCells                  :	1443/5280
    PLBs                        :	189/660
    BRAMs                       :	0/30
    IOs and GBIOs               :	16/36
    PLLs                        :	1/1
    I2Cs                        :	0/2
    SPIs                        :	0/2
    DSPs                        :	4/8
    SBIOODs                     :	0/3
    RGBADRVs                    :	1/1
    LEDDAIPs                    :	0/1
    LFOSCs                      :	0/1
    HFOSCs                      :	1/1
    SPRAMs                      :	0/4
    FILTER50NSs                 :	0/2


I2088: Phase 3, elapsed time : 1.2 (sec)

Phase 4
I2108: 0 SB_IO_I3C instances present in the design. 2 I3C IOs available in the device
I2088: Phase 4, elapsed time : 0.1 (sec)

Phase 5
I2088: Phase 5, elapsed time : 4.0 (sec)

Phase 6
I2088: Phase 6, elapsed time : 23.8 (sec)

Final Design Statistics
    Number of LUTs      	:	1358
    Number of DFFs      	:	622
    Number of DFFs packed to IO	:	0
    Number of Carrys    	:	724
    Number of RAMs      	:	0
    Number of ROMs      	:	0
    Number of IOs       	:	15
    Number of GBIOs     	:	1
    Number of GBs       	:	5
    Number of WarmBoot  	:	0
    Number of PLLs      	:	1
    Number of I2Cs      	:	0
    Number of SPIs      	:	0
    Number of DSPs     	:	4
    Number of SBIOODs     	:	0
    Number of LEDDAIPs     	:	0
    Number of RGBADRVs     	:	1
    Number of LFOSCs     	:	0
    Number of HFOSCs     	:	1
    Number of FILTER_50NSs     	:	0
    Number of SPRAMs     	:	0

Device Utilization Summary
    LogicCells                  :	1443/5280
    PLBs                        :	294/660
    BRAMs                       :	0/30
    IOs and GBIOs               :	16/36
    PLLs                        :	1/1
    I2Cs                        :	0/2
    SPIs                        :	0/2
    DSPs                        :	4/8
    SBIOODs                     :	0/3
    RGBADRVs                    :	1/1
    LEDDAIPs                    :	0/1
    LFOSCs                      :	0/1
    HFOSCs                      :	1/1
    SPRAMs                      :	0/4
    FILTER50NSs                 :	0/2



#####################################################################
Placement Timing Summary

The timing summary is based on estimated routing delays after
placement. For final timing report, please carry out the timing
analysis after routing.
=====================================================================

#####################################################################
                     Clock Summary 
=====================================================================
Number of clocks: 5
Clock: MAIN|delay_hc_input | Frequency: 394.30 MHz | Target: 100.00 MHz
Clock: MAIN|delay_tr_input | Frequency: 394.30 MHz | Target: 100.00 MHz
Clock: osc/CLKHF | Frequency: N/A | Target: 12.00 MHz
Clock: pll_inst.ICE40_MAIN_PROGRAM_100MHZ_pll_inst/PLLOUTCORE | Frequency: N/A | Target: 100.50 MHz
Clock: pll_inst.ICE40_MAIN_PROGRAM_100MHZ_pll_inst/PLLOUTGLOBAL | Frequency: 32.22 MHz | Target: 100.50 MHz

=====================================================================
                     End of Clock Summary
#####################################################################

I2054: Placement of design completed successfully

I2076: Placer run-time: 29.9 sec.

