Running in Lattice mode

Starting:    C:\lscc\iCEcube2.2020.12\synpbase\bin64\mbin\synplify.exe
Install:     C:\lscc\iCEcube2.2020.12\synpbase
Hostname:    DESKTOP-42SL8KH
Date:        Fri Nov 15 21:06:31 2024
Version:     L-2016.09L+ice40

Arguments:   -product synplify_pro ICE40UP5K_PROGRAM_syn.prj
ProductType: synplify_pro




auto_infer_blackbox is not supported in current product.
log file: "C:\Users\Michal\Documents\Magisterka\Magisterka dokumenty wyjsciowe\FPGA\PROGRAM\CONTROL_FPGA_QSW_DC_DC_10KW_FPGA_VHDL\ICE40UP5K_PROGRAM_Implmnt\ICE40UP5K_PROGRAM.srr"
Running: ICE40UP5K_PROGRAM_Implmnt in foreground

Running ICE40UP5K_PROGRAM_syn|ICE40UP5K_PROGRAM_Implmnt

Running: compile (Compile) on ICE40UP5K_PROGRAM_syn|ICE40UP5K_PROGRAM_Implmnt
# Fri Nov 15 21:06:31 2024

Running: compile_flow (Compile Process) on ICE40UP5K_PROGRAM_syn|ICE40UP5K_PROGRAM_Implmnt
# Fri Nov 15 21:06:31 2024

Running: compiler (Compile Input) on ICE40UP5K_PROGRAM_syn|ICE40UP5K_PROGRAM_Implmnt
# Fri Nov 15 21:06:31 2024
Copied C:\Users\Michal\Documents\Magisterka\Magisterka dokumenty wyjsciowe\FPGA\PROGRAM\CONTROL_FPGA_QSW_DC_DC_10KW_FPGA_VHDL\ICE40UP5K_PROGRAM_Implmnt\synwork\ICE40UP5K_PROGRAM_comp.srs to C:\Users\Michal\Documents\Magisterka\Magisterka dokumenty wyjsciowe\FPGA\PROGRAM\CONTROL_FPGA_QSW_DC_DC_10KW_FPGA_VHDL\ICE40UP5K_PROGRAM_Implmnt\ICE40UP5K_PROGRAM.srs

compiler completed
# Fri Nov 15 21:06:33 2024

Return Code: 0
Run Time:00h:00m:02s

Running: multi_srs_gen (Multi-srs Generator) on ICE40UP5K_PROGRAM_syn|ICE40UP5K_PROGRAM_Implmnt
# Fri Nov 15 21:06:33 2024

multi_srs_gen completed
# Fri Nov 15 21:06:34 2024

Return Code: 0
Run Time:00h:00m:01s
Copied C:\Users\Michal\Documents\Magisterka\Magisterka dokumenty wyjsciowe\FPGA\PROGRAM\CONTROL_FPGA_QSW_DC_DC_10KW_FPGA_VHDL\ICE40UP5K_PROGRAM_Implmnt\synwork\ICE40UP5K_PROGRAM_mult.srs to C:\Users\Michal\Documents\Magisterka\Magisterka dokumenty wyjsciowe\FPGA\PROGRAM\CONTROL_FPGA_QSW_DC_DC_10KW_FPGA_VHDL\ICE40UP5K_PROGRAM_Implmnt\ICE40UP5K_PROGRAM.srs
Complete: Compile Process on ICE40UP5K_PROGRAM_syn|ICE40UP5K_PROGRAM_Implmnt

Running: premap (Pre-mapping) on ICE40UP5K_PROGRAM_syn|ICE40UP5K_PROGRAM_Implmnt
# Fri Nov 15 21:06:34 2024

premap completed with warnings
# Fri Nov 15 21:06:34 2024

Return Code: 1
Run Time:00h:00m:00s
Complete: Compile on ICE40UP5K_PROGRAM_syn|ICE40UP5K_PROGRAM_Implmnt

Running: map (Map) on ICE40UP5K_PROGRAM_syn|ICE40UP5K_PROGRAM_Implmnt
# Fri Nov 15 21:06:34 2024

Running: fpga_mapper (Map & Optimize) on ICE40UP5K_PROGRAM_syn|ICE40UP5K_PROGRAM_Implmnt
# Fri Nov 15 21:06:34 2024
Copied C:\Users\Michal\Documents\Magisterka\Magisterka dokumenty wyjsciowe\FPGA\PROGRAM\CONTROL_FPGA_QSW_DC_DC_10KW_FPGA_VHDL\ICE40UP5K_PROGRAM_Implmnt\synwork\ICE40UP5K_PROGRAM_m.srm to C:\Users\Michal\Documents\Magisterka\Magisterka dokumenty wyjsciowe\FPGA\PROGRAM\CONTROL_FPGA_QSW_DC_DC_10KW_FPGA_VHDL\ICE40UP5K_PROGRAM_Implmnt\ICE40UP5K_PROGRAM.srm

fpga_mapper completed with warnings
# Fri Nov 15 21:06:36 2024

Return Code: 1
Run Time:00h:00m:02s
Complete: Map on ICE40UP5K_PROGRAM_syn|ICE40UP5K_PROGRAM_Implmnt
Complete: Logic Synthesis on ICE40UP5K_PROGRAM_syn|ICE40UP5K_PROGRAM_Implmnt
New HDL Analyst: enabled
log file: "C:\Users\Michal\Documents\Magisterka\Magisterka dokumenty wyjsciowe\FPGA\PROGRAM\CONTROL_FPGA_QSW_DC_DC_10KW_FPGA_VHDL\ICE40UP5K_PROGRAM_Implmnt\ICE40UP5K_PROGRAM.srr"
Running: ICE40UP5K_PROGRAM_Implmnt in foreground

Running ICE40UP5K_PROGRAM_syn|ICE40UP5K_PROGRAM_Implmnt

Running: compile (Compile) on ICE40UP5K_PROGRAM_syn|ICE40UP5K_PROGRAM_Implmnt
# Fri Nov 15 21:07:10 2024

Running: compile_flow (Compile Process) on ICE40UP5K_PROGRAM_syn|ICE40UP5K_PROGRAM_Implmnt
# Fri Nov 15 21:07:10 2024

Running: compiler (Compile Input) on ICE40UP5K_PROGRAM_syn|ICE40UP5K_PROGRAM_Implmnt
# Fri Nov 15 21:07:10 2024
Copied C:\Users\Michal\Documents\Magisterka\Magisterka dokumenty wyjsciowe\FPGA\PROGRAM\CONTROL_FPGA_QSW_DC_DC_10KW_FPGA_VHDL\ICE40UP5K_PROGRAM_Implmnt\synwork\ICE40UP5K_PROGRAM_comp.srs to C:\Users\Michal\Documents\Magisterka\Magisterka dokumenty wyjsciowe\FPGA\PROGRAM\CONTROL_FPGA_QSW_DC_DC_10KW_FPGA_VHDL\ICE40UP5K_PROGRAM_Implmnt\ICE40UP5K_PROGRAM.srs

compiler completed
# Fri Nov 15 21:07:11 2024

Return Code: 0
Run Time:00h:00m:01s

Running: multi_srs_gen (Multi-srs Generator) on ICE40UP5K_PROGRAM_syn|ICE40UP5K_PROGRAM_Implmnt
# Fri Nov 15 21:07:12 2024

multi_srs_gen completed
# Fri Nov 15 21:07:12 2024

Return Code: 0
Run Time:00h:00m:00s
Copied C:\Users\Michal\Documents\Magisterka\Magisterka dokumenty wyjsciowe\FPGA\PROGRAM\CONTROL_FPGA_QSW_DC_DC_10KW_FPGA_VHDL\ICE40UP5K_PROGRAM_Implmnt\synwork\ICE40UP5K_PROGRAM_mult.srs to C:\Users\Michal\Documents\Magisterka\Magisterka dokumenty wyjsciowe\FPGA\PROGRAM\CONTROL_FPGA_QSW_DC_DC_10KW_FPGA_VHDL\ICE40UP5K_PROGRAM_Implmnt\ICE40UP5K_PROGRAM.srs
Complete: Compile Process on ICE40UP5K_PROGRAM_syn|ICE40UP5K_PROGRAM_Implmnt

Running: premap (Pre-mapping) on ICE40UP5K_PROGRAM_syn|ICE40UP5K_PROGRAM_Implmnt
# Fri Nov 15 21:07:12 2024

premap completed with warnings
# Fri Nov 15 21:07:12 2024

Return Code: 1
Run Time:00h:00m:00s
Complete: Compile on ICE40UP5K_PROGRAM_syn|ICE40UP5K_PROGRAM_Implmnt

Running: map (Map) on ICE40UP5K_PROGRAM_syn|ICE40UP5K_PROGRAM_Implmnt
# Fri Nov 15 21:07:12 2024

Running: fpga_mapper (Map & Optimize) on ICE40UP5K_PROGRAM_syn|ICE40UP5K_PROGRAM_Implmnt
# Fri Nov 15 21:07:12 2024
Copied C:\Users\Michal\Documents\Magisterka\Magisterka dokumenty wyjsciowe\FPGA\PROGRAM\CONTROL_FPGA_QSW_DC_DC_10KW_FPGA_VHDL\ICE40UP5K_PROGRAM_Implmnt\synwork\ICE40UP5K_PROGRAM_m.srm to C:\Users\Michal\Documents\Magisterka\Magisterka dokumenty wyjsciowe\FPGA\PROGRAM\CONTROL_FPGA_QSW_DC_DC_10KW_FPGA_VHDL\ICE40UP5K_PROGRAM_Implmnt\ICE40UP5K_PROGRAM.srm

fpga_mapper completed with warnings
# Fri Nov 15 21:07:14 2024

Return Code: 1
Run Time:00h:00m:02s
Complete: Map on ICE40UP5K_PROGRAM_syn|ICE40UP5K_PROGRAM_Implmnt
Complete: Logic Synthesis on ICE40UP5K_PROGRAM_syn|ICE40UP5K_PROGRAM_Implmnt
log file: "C:\Users\Michal\Documents\Magisterka\Magisterka dokumenty wyjsciowe\FPGA\PROGRAM\CONTROL_FPGA_QSW_DC_DC_10KW_FPGA_VHDL\ICE40UP5K_PROGRAM_Implmnt\ICE40UP5K_PROGRAM.srr"
Running: ICE40UP5K_PROGRAM_Implmnt in foreground

Running ICE40UP5K_PROGRAM_syn|ICE40UP5K_PROGRAM_Implmnt

Running: compile (Compile) on ICE40UP5K_PROGRAM_syn|ICE40UP5K_PROGRAM_Implmnt
# Fri Nov 15 21:08:12 2024

Running: compile_flow (Compile Process) on ICE40UP5K_PROGRAM_syn|ICE40UP5K_PROGRAM_Implmnt
# Fri Nov 15 21:08:12 2024

Running: compiler (Compile Input) on ICE40UP5K_PROGRAM_syn|ICE40UP5K_PROGRAM_Implmnt
# Fri Nov 15 21:08:12 2024
Copied C:\Users\Michal\Documents\Magisterka\Magisterka dokumenty wyjsciowe\FPGA\PROGRAM\CONTROL_FPGA_QSW_DC_DC_10KW_FPGA_VHDL\ICE40UP5K_PROGRAM_Implmnt\synwork\ICE40UP5K_PROGRAM_comp.srs to C:\Users\Michal\Documents\Magisterka\Magisterka dokumenty wyjsciowe\FPGA\PROGRAM\CONTROL_FPGA_QSW_DC_DC_10KW_FPGA_VHDL\ICE40UP5K_PROGRAM_Implmnt\ICE40UP5K_PROGRAM.srs

compiler completed
# Fri Nov 15 21:08:14 2024

Return Code: 0
Run Time:00h:00m:02s

Running: multi_srs_gen (Multi-srs Generator) on ICE40UP5K_PROGRAM_syn|ICE40UP5K_PROGRAM_Implmnt
# Fri Nov 15 21:08:14 2024

multi_srs_gen completed
# Fri Nov 15 21:08:14 2024

Return Code: 0
Run Time:00h:00m:00s
Copied C:\Users\Michal\Documents\Magisterka\Magisterka dokumenty wyjsciowe\FPGA\PROGRAM\CONTROL_FPGA_QSW_DC_DC_10KW_FPGA_VHDL\ICE40UP5K_PROGRAM_Implmnt\synwork\ICE40UP5K_PROGRAM_mult.srs to C:\Users\Michal\Documents\Magisterka\Magisterka dokumenty wyjsciowe\FPGA\PROGRAM\CONTROL_FPGA_QSW_DC_DC_10KW_FPGA_VHDL\ICE40UP5K_PROGRAM_Implmnt\ICE40UP5K_PROGRAM.srs
Complete: Compile Process on ICE40UP5K_PROGRAM_syn|ICE40UP5K_PROGRAM_Implmnt

Running: premap (Pre-mapping) on ICE40UP5K_PROGRAM_syn|ICE40UP5K_PROGRAM_Implmnt
# Fri Nov 15 21:08:14 2024

premap completed with warnings
# Fri Nov 15 21:08:14 2024

Return Code: 1
Run Time:00h:00m:00s
Complete: Compile on ICE40UP5K_PROGRAM_syn|ICE40UP5K_PROGRAM_Implmnt

Running: map (Map) on ICE40UP5K_PROGRAM_syn|ICE40UP5K_PROGRAM_Implmnt
# Fri Nov 15 21:08:14 2024

Running: fpga_mapper (Map & Optimize) on ICE40UP5K_PROGRAM_syn|ICE40UP5K_PROGRAM_Implmnt
# Fri Nov 15 21:08:14 2024
Copied C:\Users\Michal\Documents\Magisterka\Magisterka dokumenty wyjsciowe\FPGA\PROGRAM\CONTROL_FPGA_QSW_DC_DC_10KW_FPGA_VHDL\ICE40UP5K_PROGRAM_Implmnt\synwork\ICE40UP5K_PROGRAM_m.srm to C:\Users\Michal\Documents\Magisterka\Magisterka dokumenty wyjsciowe\FPGA\PROGRAM\CONTROL_FPGA_QSW_DC_DC_10KW_FPGA_VHDL\ICE40UP5K_PROGRAM_Implmnt\ICE40UP5K_PROGRAM.srm

fpga_mapper completed with warnings
# Fri Nov 15 21:08:16 2024

Return Code: 1
Run Time:00h:00m:02s
Complete: Map on ICE40UP5K_PROGRAM_syn|ICE40UP5K_PROGRAM_Implmnt
Complete: Logic Synthesis on ICE40UP5K_PROGRAM_syn|ICE40UP5K_PROGRAM_Implmnt
log file: "C:\Users\Michal\Documents\Magisterka\Magisterka dokumenty wyjsciowe\FPGA\PROGRAM\CONTROL_FPGA_QSW_DC_DC_10KW_FPGA_VHDL\ICE40UP5K_PROGRAM_Implmnt\ICE40UP5K_PROGRAM.srr"
Running: ICE40UP5K_PROGRAM_Implmnt in foreground

Running ICE40UP5K_PROGRAM_syn|ICE40UP5K_PROGRAM_Implmnt

Running: compile (Compile) on ICE40UP5K_PROGRAM_syn|ICE40UP5K_PROGRAM_Implmnt
# Fri Nov 15 21:11:33 2024

Running: compile_flow (Compile Process) on ICE40UP5K_PROGRAM_syn|ICE40UP5K_PROGRAM_Implmnt
# Fri Nov 15 21:11:33 2024

Running: compiler (Compile Input) on ICE40UP5K_PROGRAM_syn|ICE40UP5K_PROGRAM_Implmnt
# Fri Nov 15 21:11:33 2024
Copied C:\Users\Michal\Documents\Magisterka\Magisterka dokumenty wyjsciowe\FPGA\PROGRAM\CONTROL_FPGA_QSW_DC_DC_10KW_FPGA_VHDL\ICE40UP5K_PROGRAM_Implmnt\synwork\ICE40UP5K_PROGRAM_comp.srs to C:\Users\Michal\Documents\Magisterka\Magisterka dokumenty wyjsciowe\FPGA\PROGRAM\CONTROL_FPGA_QSW_DC_DC_10KW_FPGA_VHDL\ICE40UP5K_PROGRAM_Implmnt\ICE40UP5K_PROGRAM.srs

compiler completed
# Fri Nov 15 21:11:35 2024

Return Code: 0
Run Time:00h:00m:02s

Running: multi_srs_gen (Multi-srs Generator) on ICE40UP5K_PROGRAM_syn|ICE40UP5K_PROGRAM_Implmnt
# Fri Nov 15 21:11:35 2024

multi_srs_gen completed
# Fri Nov 15 21:11:35 2024

Return Code: 0
Run Time:00h:00m:00s
Copied C:\Users\Michal\Documents\Magisterka\Magisterka dokumenty wyjsciowe\FPGA\PROGRAM\CONTROL_FPGA_QSW_DC_DC_10KW_FPGA_VHDL\ICE40UP5K_PROGRAM_Implmnt\synwork\ICE40UP5K_PROGRAM_mult.srs to C:\Users\Michal\Documents\Magisterka\Magisterka dokumenty wyjsciowe\FPGA\PROGRAM\CONTROL_FPGA_QSW_DC_DC_10KW_FPGA_VHDL\ICE40UP5K_PROGRAM_Implmnt\ICE40UP5K_PROGRAM.srs
Complete: Compile Process on ICE40UP5K_PROGRAM_syn|ICE40UP5K_PROGRAM_Implmnt

Running: premap (Pre-mapping) on ICE40UP5K_PROGRAM_syn|ICE40UP5K_PROGRAM_Implmnt
# Fri Nov 15 21:11:35 2024

premap completed with warnings
# Fri Nov 15 21:11:35 2024

Return Code: 1
Run Time:00h:00m:00s
Complete: Compile on ICE40UP5K_PROGRAM_syn|ICE40UP5K_PROGRAM_Implmnt

Running: map (Map) on ICE40UP5K_PROGRAM_syn|ICE40UP5K_PROGRAM_Implmnt
# Fri Nov 15 21:11:35 2024

Running: fpga_mapper (Map & Optimize) on ICE40UP5K_PROGRAM_syn|ICE40UP5K_PROGRAM_Implmnt
# Fri Nov 15 21:11:35 2024
Copied C:\Users\Michal\Documents\Magisterka\Magisterka dokumenty wyjsciowe\FPGA\PROGRAM\CONTROL_FPGA_QSW_DC_DC_10KW_FPGA_VHDL\ICE40UP5K_PROGRAM_Implmnt\synwork\ICE40UP5K_PROGRAM_m.srm to C:\Users\Michal\Documents\Magisterka\Magisterka dokumenty wyjsciowe\FPGA\PROGRAM\CONTROL_FPGA_QSW_DC_DC_10KW_FPGA_VHDL\ICE40UP5K_PROGRAM_Implmnt\ICE40UP5K_PROGRAM.srm

fpga_mapper completed with warnings
# Fri Nov 15 21:11:37 2024

Return Code: 1
Run Time:00h:00m:02s
Complete: Map on ICE40UP5K_PROGRAM_syn|ICE40UP5K_PROGRAM_Implmnt
Complete: Logic Synthesis on ICE40UP5K_PROGRAM_syn|ICE40UP5K_PROGRAM_Implmnt
exit status=0
